{"numFailedTestSuites":2,"numFailedTests":2,"numPassedTestSuites":5,"numPassedTests":22,"numPendingTestSuites":0,"numPendingTests":0,"numRuntimeErrorTestSuites":1,"numTodoTests":0,"numTotalTestSuites":7,"numTotalTests":24,"openHandles":[],"snapshot":{"added":0,"didUpdate":false,"failure":false,"filesAdded":0,"filesRemoved":0,"filesRemovedList":[],"filesUnmatched":0,"filesUpdated":0,"matched":0,"total":0,"unchecked":0,"uncheckedKeysByFile":[],"unmatched":0,"updated":0},"startTime":1773778593998,"success":false,"testResults":[{"assertionResults":[{"ancestorTitles":["Simple Test"],"duration":9,"failing":false,"failureDetails":[],"failureMessages":[],"fullName":"Simple Test should pass","invocations":1,"location":null,"numPassingAsserts":1,"retryReasons":[],"startAt":1773778596743,"status":"passed","title":"should pass"},{"ancestorTitles":["Simple Test"],"duration":1,"failing":false,"failureDetails":[],"failureMessages":[],"fullName":"Simple Test should handle strings","invocations":1,"location":null,"numPassingAsserts":1,"retryReasons":[],"startAt":1773778596752,"status":"passed","title":"should handle strings"}],"endTime":1773778596756,"message":"","name":"C:\\Users\\pgopa\\OneDrive\\Documents\\GitHub\\sacred-connect\\__tests__\\Simple.test.ts","startTime":1773778594979,"status":"passed","summary":""},{"assertionResults":[{"ancestorTitles":["Colors"],"duration":14,"failing":false,"failureDetails":[{"matcherResult":{"actual":"#FF9933","expected":"#FF6B00","message":"\u001b[2mexpect(\u001b[22m\u001b[31mreceived\u001b[39m\u001b[2m).\u001b[22mtoBe\u001b[2m(\u001b[22m\u001b[32mexpected\u001b[39m\u001b[2m) // Object.is equality\u001b[22m\n\nExpected: \u001b[32m\"#FF\u001b[7m6B00\u001b[27m\"\u001b[39m\nReceived: \u001b[31m\"#FF\u001b[7m9933\u001b[27m\"\u001b[39m","name":"toBe","pass":false}}],"failureMessages":["Error: \u001b[2mexpect(\u001b[22m\u001b[31mreceived\u001b[39m\u001b[2m).\u001b[22mtoBe\u001b[2m(\u001b[22m\u001b[32mexpected\u001b[39m\u001b[2m) // Object.is equality\u001b[22m\n\nExpected: \u001b[32m\"#FF\u001b[7m6B00\u001b[27m\"\u001b[39m\nReceived: \u001b[31m\"#FF\u001b[7m9933\u001b[27m\"\u001b[39m\n    at Object.toBe (C:\\Users\\pgopa\\OneDrive\\Documents\\GitHub\\sacred-connect\\__tests__\\Colors.test.ts:5:32)\n    at Promise.finally.completed (C:\\Users\\pgopa\\OneDrive\\Documents\\GitHub\\sacred-connect\\node_modules\\jest-circus\\build\\jestAdapterInit.js:1557:28)\n    at new Promise (<anonymous>)\n    at callAsyncCircusFn (C:\\Users\\pgopa\\OneDrive\\Documents\\GitHub\\sacred-connect\\node_modules\\jest-circus\\build\\jestAdapterInit.js:1497:10)\n    at _callCircusTest (C:\\Users\\pgopa\\OneDrive\\Documents\\GitHub\\sacred-connect\\node_modules\\jest-circus\\build\\jestAdapterInit.js:1007:40)\n    at processTicksAndRejections (node:internal/process/task_queues:105:5)\n    at _runTest (C:\\Users\\pgopa\\OneDrive\\Documents\\GitHub\\sacred-connect\\node_modules\\jest-circus\\build\\jestAdapterInit.js:947:3)\n    at C:\\Users\\pgopa\\OneDrive\\Documents\\GitHub\\sacred-connect\\node_modules\\jest-circus\\build\\jestAdapterInit.js:849:7\n    at _runTestsForDescribeBlock (C:\\Users\\pgopa\\OneDrive\\Documents\\GitHub\\sacred-connect\\node_modules\\jest-circus\\build\\jestAdapterInit.js:862:11)\n    at _runTestsForDescribeBlock (C:\\Users\\pgopa\\OneDrive\\Documents\\GitHub\\sacred-connect\\node_modules\\jest-circus\\build\\jestAdapterInit.js:857:11)\n    at run (C:\\Users\\pgopa\\OneDrive\\Documents\\GitHub\\sacred-connect\\node_modules\\jest-circus\\build\\jestAdapterInit.js:761:3)\n    at runAndTransformResultsToJestFormat (C:\\Users\\pgopa\\OneDrive\\Documents\\GitHub\\sacred-connect\\node_modules\\jest-circus\\build\\jestAdapterInit.js:1918:21)\n    at jestAdapter (C:\\Users\\pgopa\\OneDrive\\Documents\\GitHub\\sacred-connect\\node_modules\\jest-circus\\build\\runner.js:101:19)\n    at runTestInternal (C:\\Users\\pgopa\\OneDrive\\Documents\\GitHub\\sacred-connect\\node_modules\\jest-runner\\build\\testWorker.js:275:16)\n    at runTest (C:\\Users\\pgopa\\OneDrive\\Documents\\GitHub\\sacred-connect\\node_modules\\jest-runner\\build\\testWorker.js:343:7)\n    at Object.worker (C:\\Users\\pgopa\\OneDrive\\Documents\\GitHub\\sacred-connect\\node_modules\\jest-runner\\build\\testWorker.js:497:12)"],"fullName":"Colors should have primary color","invocations":1,"location":null,"numPassingAsserts":0,"retryReasons":[],"startAt":1773778596815,"status":"failed","title":"should have primary color"},{"ancestorTitles":["Colors"],"duration":6,"failing":false,"failureDetails":[{"matcherResult":{"actual":"#1A1A1A","expected":"#000000","message":"\u001b[2mexpect(\u001b[22m\u001b[31mreceived\u001b[39m\u001b[2m).\u001b[22mtoBe\u001b[2m(\u001b[22m\u001b[32mexpected\u001b[39m\u001b[2m) // Object.is equality\u001b[22m\n\nExpected: \u001b[32m\"#\u001b[7m000000\u001b[27m\"\u001b[39m\nReceived: \u001b[31m\"#\u001b[7m1A1A1A\u001b[27m\"\u001b[39m","name":"toBe","pass":false}}],"failureMessages":["Error: \u001b[2mexpect(\u001b[22m\u001b[31mreceived\u001b[39m\u001b[2m).\u001b[22mtoBe\u001b[2m(\u001b[22m\u001b[32mexpected\u001b[39m\u001b[2m) // Object.is equality\u001b[22m\n\nExpected: \u001b[32m\"#\u001b[7m000000\u001b[27m\"\u001b[39m\nReceived: \u001b[31m\"#\u001b[7m1A1A1A\u001b[27m\"\u001b[39m\n    at Object.toBe (C:\\Users\\pgopa\\OneDrive\\Documents\\GitHub\\sacred-connect\\__tests__\\Colors.test.ts:10:30)\n    at Promise.finally.completed (C:\\Users\\pgopa\\OneDrive\\Documents\\GitHub\\sacred-connect\\node_modules\\jest-circus\\build\\jestAdapterInit.js:1557:28)\n    at new Promise (<anonymous>)\n    at callAsyncCircusFn (C:\\Users\\pgopa\\OneDrive\\Documents\\GitHub\\sacred-connect\\node_modules\\jest-circus\\build\\jestAdapterInit.js:1497:10)\n    at _callCircusTest (C:\\Users\\pgopa\\OneDrive\\Documents\\GitHub\\sacred-connect\\node_modules\\jest-circus\\build\\jestAdapterInit.js:1007:40)\n    at processTicksAndRejections (node:internal/process/task_queues:105:5)\n    at _runTest (C:\\Users\\pgopa\\OneDrive\\Documents\\GitHub\\sacred-connect\\node_modules\\jest-circus\\build\\jestAdapterInit.js:947:3)\n    at C:\\Users\\pgopa\\OneDrive\\Documents\\GitHub\\sacred-connect\\node_modules\\jest-circus\\build\\jestAdapterInit.js:849:7\n    at _runTestsForDescribeBlock (C:\\Users\\pgopa\\OneDrive\\Documents\\GitHub\\sacred-connect\\node_modules\\jest-circus\\build\\jestAdapterInit.js:862:11)\n    at _runTestsForDescribeBlock (C:\\Users\\pgopa\\OneDrive\\Documents\\GitHub\\sacred-connect\\node_modules\\jest-circus\\build\\jestAdapterInit.js:857:11)\n    at run (C:\\Users\\pgopa\\OneDrive\\Documents\\GitHub\\sacred-connect\\node_modules\\jest-circus\\build\\jestAdapterInit.js:761:3)\n    at runAndTransformResultsToJestFormat (C:\\Users\\pgopa\\OneDrive\\Documents\\GitHub\\sacred-connect\\node_modules\\jest-circus\\build\\jestAdapterInit.js:1918:21)\n    at jestAdapter (C:\\Users\\pgopa\\OneDrive\\Documents\\GitHub\\sacred-connect\\node_modules\\jest-circus\\build\\runner.js:101:19)\n    at runTestInternal (C:\\Users\\pgopa\\OneDrive\\Documents\\GitHub\\sacred-connect\\node_modules\\jest-runner\\build\\testWorker.js:275:16)\n    at runTest (C:\\Users\\pgopa\\OneDrive\\Documents\\GitHub\\sacred-connect\\node_modules\\jest-runner\\build\\testWorker.js:343:7)\n    at Object.worker (C:\\Users\\pgopa\\OneDrive\\Documents\\GitHub\\sacred-connect\\node_modules\\jest-runner\\build\\testWorker.js:497:12)"],"fullName":"Colors should have white and black defined","invocations":1,"location":null,"numPassingAsserts":1,"retryReasons":[],"startAt":1773778596836,"status":"failed","title":"should have white and black defined"}],"endTime":1773778596883,"message":"\u001b[1m\u001b[31m  \u001b[1m● \u001b[22m\u001b[1mColors › should have primary color\u001b[39m\u001b[22m\n\n    \u001b[2mexpect(\u001b[22m\u001b[31mreceived\u001b[39m\u001b[2m).\u001b[22mtoBe\u001b[2m(\u001b[22m\u001b[32mexpected\u001b[39m\u001b[2m) // Object.is equality\u001b[22m\n\n    Expected: \u001b[32m\"#FF\u001b[7m6B00\u001b[27m\"\u001b[39m\n    Received: \u001b[31m\"#FF\u001b[7m9933\u001b[27m\"\u001b[39m\n\u001b[2m\u001b[22m\n\u001b[2m    \u001b[0m \u001b[90m 3 |\u001b[39m describe(\u001b[32m'Colors'\u001b[39m\u001b[33m,\u001b[39m () \u001b[33m=>\u001b[39m {\u001b[22m\n\u001b[2m     \u001b[90m 4 |\u001b[39m   it(\u001b[32m'should have primary color'\u001b[39m\u001b[33m,\u001b[39m () \u001b[33m=>\u001b[39m {\u001b[22m\n\u001b[2m    \u001b[31m\u001b[1m>\u001b[22m\u001b[2m\u001b[39m\u001b[90m 5 |\u001b[39m     expect(\u001b[33mAPP_COLORS\u001b[39m\u001b[33m.\u001b[39mprimary)\u001b[33m.\u001b[39mtoBe(\u001b[32m'#FF6B00'\u001b[39m)\u001b[33m;\u001b[39m\u001b[22m\n\u001b[2m     \u001b[90m   |\u001b[39m                                \u001b[31m\u001b[1m^\u001b[22m\u001b[2m\u001b[39m\u001b[22m\n\u001b[2m     \u001b[90m 6 |\u001b[39m   })\u001b[33m;\u001b[39m\u001b[22m\n\u001b[2m     \u001b[90m 7 |\u001b[39m\u001b[22m\n\u001b[2m     \u001b[90m 8 |\u001b[39m   it(\u001b[32m'should have white and black defined'\u001b[39m\u001b[33m,\u001b[39m () \u001b[33m=>\u001b[39m {\u001b[0m\u001b[22m\n\u001b[2m\u001b[22m\n\u001b[2m      \u001b[2mat Object.toBe (\u001b[22m\u001b[2m\u001b[0m\u001b[36m__tests__/Colors.test.ts\u001b[39m\u001b[0m\u001b[2m:5:32)\u001b[22m\u001b[2m\u001b[22m\n\n\u001b[1m\u001b[31m  \u001b[1m● \u001b[22m\u001b[1mColors › should have white and black defined\u001b[39m\u001b[22m\n\n    \u001b[2mexpect(\u001b[22m\u001b[31mreceived\u001b[39m\u001b[2m).\u001b[22mtoBe\u001b[2m(\u001b[22m\u001b[32mexpected\u001b[39m\u001b[2m) // Object.is equality\u001b[22m\n\n    Expected: \u001b[32m\"#\u001b[7m000000\u001b[27m\"\u001b[39m\n    Received: \u001b[31m\"#\u001b[7m1A1A1A\u001b[27m\"\u001b[39m\n\u001b[2m\u001b[22m\n\u001b[2m    \u001b[0m \u001b[90m  8 |\u001b[39m   it(\u001b[32m'should have white and black defined'\u001b[39m\u001b[33m,\u001b[39m () \u001b[33m=>\u001b[39m {\u001b[22m\n\u001b[2m     \u001b[90m  9 |\u001b[39m     expect(\u001b[33mAPP_COLORS\u001b[39m\u001b[33m.\u001b[39mwhite)\u001b[33m.\u001b[39mtoBe(\u001b[32m'#FFFFFF'\u001b[39m)\u001b[33m;\u001b[39m\u001b[22m\n\u001b[2m    \u001b[31m\u001b[1m>\u001b[22m\u001b[2m\u001b[39m\u001b[90m 10 |\u001b[39m     expect(\u001b[33mAPP_COLORS\u001b[39m\u001b[33m.\u001b[39mblack)\u001b[33m.\u001b[39mtoBe(\u001b[32m'#000000'\u001b[39m)\u001b[33m;\u001b[39m\u001b[22m\n\u001b[2m     \u001b[90m    |\u001b[39m                              \u001b[31m\u001b[1m^\u001b[22m\u001b[2m\u001b[39m\u001b[22m\n\u001b[2m     \u001b[90m 11 |\u001b[39m   })\u001b[33m;\u001b[39m\u001b[22m\n\u001b[2m     \u001b[90m 12 |\u001b[39m })\u001b[33m;\u001b[39m\u001b[22m\n\u001b[2m     \u001b[90m 13 |\u001b[39m\u001b[0m\u001b[22m\n\u001b[2m\u001b[22m\n\u001b[2m      \u001b[2mat Object.toBe (\u001b[22m\u001b[2m\u001b[0m\u001b[36m__tests__/Colors.test.ts\u001b[39m\u001b[0m\u001b[2m:10:30)\u001b[22m\u001b[2m\u001b[22m\n","name":"C:\\Users\\pgopa\\OneDrive\\Documents\\GitHub\\sacred-connect\\__tests__\\Colors.test.ts","startTime":1773778594972,"status":"failed","summary":""},{"assertionResults":[{"ancestorTitles":["detectIdentifierType","Email Detection"],"duration":7,"failing":false,"failureDetails":[],"failureMessages":[],"fullName":"detectIdentifierType Email Detection should detect valid email addresses","invocations":1,"location":null,"numPassingAsserts":3,"retryReasons":[],"startAt":1773778597048,"status":"passed","title":"should detect valid email addresses"},{"ancestorTitles":["detectIdentifierType","Email Detection"],"duration":2,"failing":false,"failureDetails":[],"failureMessages":[],"fullName":"detectIdentifierType Email Detection should handle emails with special characters","invocations":1,"location":null,"numPassingAsserts":2,"retryReasons":[],"startAt":1773778597056,"status":"passed","title":"should handle emails with special characters"},{"ancestorTitles":["detectIdentifierType","Phone Number Detection"],"duration":2,"failing":false,"failureDetails":[],"failureMessages":[],"fullName":"detectIdentifierType Phone Number Detection should detect plain phone numbers","invocations":1,"location":null,"numPassingAsserts":2,"retryReasons":[],"startAt":1773778597058,"status":"passed","title":"should detect plain phone numbers"},{"ancestorTitles":["detectIdentifierType","Phone Number Detection"],"duration":1,"failing":false,"failureDetails":[],"failureMessages":[],"fullName":"detectIdentifierType Phone Number Detection should detect phone numbers with country codes","invocations":1,"location":null,"numPassingAsserts":2,"retryReasons":[],"startAt":1773778597060,"status":"passed","title":"should detect phone numbers with country codes"},{"ancestorTitles":["detectIdentifierType","Phone Number Detection"],"duration":1,"failing":false,"failureDetails":[],"failureMessages":[],"fullName":"detectIdentifierType Phone Number Detection should detect phone numbers with formatting","invocations":1,"location":null,"numPassingAsserts":3,"retryReasons":[],"startAt":1773778597062,"status":"passed","title":"should detect phone numbers with formatting"},{"ancestorTitles":["detectIdentifierType","Phone Number Detection"],"duration":1,"failing":false,"failureDetails":[],"failureMessages":[],"fullName":"detectIdentifierType Phone Number Detection should handle phone numbers with spaces and dashes","invocations":1,"location":null,"numPassingAsserts":2,"retryReasons":[],"startAt":1773778597063,"status":"passed","title":"should handle phone numbers with spaces and dashes"},{"ancestorTitles":["detectIdentifierType","Edge Cases"],"duration":1,"failing":false,"failureDetails":[],"failureMessages":[],"fullName":"detectIdentifierType Edge Cases should default to email for mixed alphanumeric","invocations":1,"location":null,"numPassingAsserts":2,"retryReasons":[],"startAt":1773778597064,"status":"passed","title":"should default to email for mixed alphanumeric"},{"ancestorTitles":["detectIdentifierType","Edge Cases"],"duration":0,"failing":false,"failureDetails":[],"failureMessages":[],"fullName":"detectIdentifierType Edge Cases should handle empty strings","invocations":1,"location":null,"numPassingAsserts":1,"retryReasons":[],"startAt":1773778597065,"status":"passed","title":"should handle empty strings"},{"ancestorTitles":["detectIdentifierType","Edge Cases"],"duration":1,"failing":false,"failureDetails":[],"failureMessages":[],"fullName":"detectIdentifierType Edge Cases should handle strings with only special characters","invocations":1,"location":null,"numPassingAsserts":2,"retryReasons":[],"startAt":1773778597066,"status":"passed","title":"should handle strings with only special characters"},{"ancestorTitles":["detectIdentifierType","Real-world Examples"],"duration":1,"failing":false,"failureDetails":[],"failureMessages":[],"fullName":"detectIdentifierType Real-world Examples should correctly identify Indian phone numbers","invocations":1,"location":null,"numPassingAsserts":3,"retryReasons":[],"startAt":1773778597067,"status":"passed","title":"should correctly identify Indian phone numbers"},{"ancestorTitles":["detectIdentifierType","Real-world Examples"],"duration":1,"failing":false,"failureDetails":[],"failureMessages":[],"fullName":"detectIdentifierType Real-world Examples should correctly identify common email formats","invocations":1,"location":null,"numPassingAsserts":2,"retryReasons":[],"startAt":1773778597068,"status":"passed","title":"should correctly identify common email formats"}],"endTime":1773778597072,"message":"","name":"C:\\Users\\pgopa\\OneDrive\\Documents\\GitHub\\sacred-connect\\__tests__\\detectIdentifierType.test.ts","startTime":1773778595093,"status":"passed","summary":""},{"assertionResults":[],"coverage":{},"endTime":1773778599718,"message":"  \u001b[1m● \u001b[22mTest suite failed to run\n\n    Cannot find module '../app/(priestScreens)/ProfileSetup' from '__tests__/ProfileSetup.test.tsx'\n\n    \u001b[0m \u001b[90m 1 |\u001b[39m \u001b[36mimport\u001b[39m \u001b[33mReact\u001b[39m \u001b[36mfrom\u001b[39m \u001b[32m'react'\u001b[39m\u001b[33m;\u001b[39m\n     \u001b[90m 2 |\u001b[39m \u001b[36mimport\u001b[39m { render\u001b[33m,\u001b[39m fireEvent\u001b[33m,\u001b[39m waitFor } \u001b[36mfrom\u001b[39m \u001b[32m'@testing-library/react-native'\u001b[39m\u001b[33m;\u001b[39m\n    \u001b[31m\u001b[1m>\u001b[22m\u001b[39m\u001b[90m 3 |\u001b[39m \u001b[36mimport\u001b[39m \u001b[33mProfileSetup\u001b[39m \u001b[36mfrom\u001b[39m \u001b[32m'../app/(priestScreens)/ProfileSetup'\u001b[39m\u001b[33m;\u001b[39m\n     \u001b[90m   |\u001b[39m \u001b[31m\u001b[1m^\u001b[22m\u001b[39m\n     \u001b[90m 4 |\u001b[39m \u001b[36mimport\u001b[39m { \u001b[33mProvider\u001b[39m } \u001b[36mfrom\u001b[39m \u001b[32m'react-redux'\u001b[39m\u001b[33m;\u001b[39m\n     \u001b[90m 5 |\u001b[39m \u001b[36mimport\u001b[39m { configureStore } \u001b[36mfrom\u001b[39m \u001b[32m'@reduxjs/toolkit'\u001b[39m\u001b[33m;\u001b[39m\n     \u001b[90m 6 |\u001b[39m \u001b[36mimport\u001b[39m authReducer \u001b[36mfrom\u001b[39m \u001b[32m'../redux/slices/authSlice'\u001b[39m\u001b[33m;\u001b[39m\u001b[0m\n\n      \u001b[2mat Resolver._throwModNotFoundError (\u001b[22mnode_modules/jest-resolve/build/index.js\u001b[2m:863:11)\u001b[22m\n      \u001b[2mat Object.require (\u001b[22m\u001b[0m\u001b[36m__tests__/ProfileSetup.test.tsx\u001b[39m\u001b[0m\u001b[2m:3:1)\u001b[22m\n","name":"C:\\Users\\pgopa\\OneDrive\\Documents\\GitHub\\sacred-connect\\__tests__\\ProfileSetup.test.tsx","startTime":1773778599718,"status":"failed","summary":""},{"assertionResults":[{"ancestorTitles":["PujariCard"],"duration":581,"failing":false,"failureDetails":[],"failureMessages":[],"fullName":"PujariCard renders priest name and rating correctly","invocations":1,"location":null,"numPassingAsserts":4,"retryReasons":[],"startAt":1773778597561,"status":"passed","title":"renders priest name and rating correctly"},{"ancestorTitles":["PujariCard"],"duration":20,"failing":false,"failureDetails":[],"failureMessages":[],"fullName":"PujariCard renders distance correctly","invocations":1,"location":null,"numPassingAsserts":1,"retryReasons":[],"startAt":1773778598143,"status":"passed","title":"renders distance correctly"},{"ancestorTitles":["PujariCard"],"duration":16,"failing":false,"failureDetails":[],"failureMessages":[],"fullName":"PujariCard renders ceremony count correctly","invocations":1,"location":null,"numPassingAsserts":1,"retryReasons":[],"startAt":1773778598163,"status":"passed","title":"renders ceremony count correctly"},{"ancestorTitles":["PujariCard"],"duration":6,"failing":false,"failureDetails":[],"failureMessages":[],"fullName":"PujariCard does not render ceremony count if undefined","invocations":1,"location":null,"numPassingAsserts":1,"retryReasons":[],"startAt":1773778598179,"status":"passed","title":"does not render ceremony count if undefined"}],"endTime":1773778598188,"message":"","name":"C:\\Users\\pgopa\\OneDrive\\Documents\\GitHub\\sacred-connect\\__tests__\\PujariCard.test.tsx","startTime":1773778595062,"status":"passed","summary":""},{"assertionResults":[{"ancestorTitles":["DocumentUpload Screen"],"duration":2014,"failing":false,"failureDetails":[],"failureMessages":[],"fullName":"DocumentUpload Screen renders correctly","invocations":1,"location":null,"numPassingAsserts":3,"retryReasons":[],"startAt":1773778597382,"status":"passed","title":"renders correctly"}],"endTime":1773778599400,"message":"","name":"C:\\Users\\pgopa\\OneDrive\\Documents\\GitHub\\sacred-connect\\__tests__\\DocumentUpload.test.tsx","startTime":1773778594975,"status":"passed","summary":""},{"assertionResults":[{"ancestorTitles":["VerificationStatus Screen"],"duration":1945,"failing":false,"failureDetails":[],"failureMessages":[],"fullName":"VerificationStatus Screen renders loading state initially","invocations":1,"location":null,"numPassingAsserts":1,"retryReasons":[],"startAt":1773778597443,"status":"passed","title":"renders loading state initially"},{"ancestorTitles":["VerificationStatus Screen"],"duration":61,"failing":false,"failureDetails":[],"failureMessages":[],"fullName":"VerificationStatus Screen renders not_submitted state when no docs exist","invocations":1,"location":null,"numPassingAsserts":1,"retryReasons":[],"startAt":1773778599389,"status":"passed","title":"renders not_submitted state when no docs exist"},{"ancestorTitles":["VerificationStatus Screen"],"duration":76,"failing":false,"failureDetails":[],"failureMessages":[],"fullName":"VerificationStatus Screen renders pending state when docs are pending","invocations":1,"location":null,"numPassingAsserts":1,"retryReasons":[],"startAt":1773778599451,"status":"passed","title":"renders pending state when docs are pending"},{"ancestorTitles":["VerificationStatus Screen"],"duration":57,"failing":false,"failureDetails":[],"failureMessages":[],"fullName":"VerificationStatus Screen renders verified state when isVerified is true","invocations":1,"location":null,"numPassingAsserts":1,"retryReasons":[],"startAt":1773778599527,"status":"passed","title":"renders verified state when isVerified is true"}],"endTime":1773778599590,"message":"","name":"C:\\Users\\pgopa\\OneDrive\\Documents\\GitHub\\sacred-connect\\__tests__\\VerificationStatus.test.tsx","startTime":1773778595005,"status":"passed","summary":""}],"wasInterrupted":false}
